202
PAINT_SQUARE 12 55 1
ERASE_CELL 11 56
ERASE_CELL 11 55
ERASE_CELL 11 54
PAINT_SQUARE 12 53 0
PAINT_SQUARE 12 52 0
PAINT_SQUARE 12 51 0
PAINT_SQUARE 11 52 0
PAINT_SQUARE 11 51 0
PAINT_SQUARE 11 50 0
PAINT_SQUARE 9 78 0
PAINT_SQUARE 9 77 0
PAINT_SQUARE 9 76 0
PAINT_SQUARE 9 75 0
PAINT_SQUARE 9 74 0
PAINT_SQUARE 9 73 0
PAINT_SQUARE 9 72 0
PAINT_SQUARE 9 71 0
PAINT_SQUARE 9 70 0
PAINT_SQUARE 9 66 0
PAINT_SQUARE 9 65 0
PAINT_SQUARE 9 64 0
PAINT_SQUARE 10 59 2
ERASE_CELL 12 61
ERASE_CELL 12 60
ERASE_CELL 11 57
ERASE_CELL 10 58
ERASE_CELL 10 57
ERASE_CELL 8 58
ERASE_CELL 8 57
PAINT_SQUARE 9 56 0
PAINT_SQUARE 9 55 0
PAINT_SQUARE 9 54 0
PAINT_SQUARE 9 53 0
PAINT_SQUARE 9 52 0
PAINT_SQUARE 9 51 0
PAINT_SQUARE 9 46 0
PAINT_SQUARE 9 45 0
PAINT_SQUARE 9 44 0
PAINT_SQUARE 9 43 0
PAINT_SQUARE 9 42 0
PAINT_SQUARE 9 41 0
PAINT_SQUARE 9 40 0
PAINT_SQUARE 9 39 0
PAINT_SQUARE 9 38 0
PAINT_SQUARE 9 37 0
PAINT_SQUARE 9 31 0
PAINT_SQUARE 9 30 0
PAINT_SQUARE 9 29 0
PAINT_SQUARE 9 28 0
PAINT_SQUARE 9 27 0
PAINT_SQUARE 9 26 0
PAINT_SQUARE 9 25 0
PAINT_SQUARE 9 24 0
PAINT_SQUARE 9 23 0
PAINT_SQUARE 9 22 0
PAINT_SQUARE 9 13 0
PAINT_SQUARE 9 12 0
PAINT_SQUARE 9 11 0
PAINT_SQUARE 9 10 0
PAINT_SQUARE 9 9 0
PAINT_SQUARE 9 8 0
PAINT_SQUARE 9 7 0
PAINT_SQUARE 9 6 0
PAINT_SQUARE 8 77 0
PAINT_SQUARE 7 74 0
PAINT_SQUARE 7 33 0
PAINT_SQUARE 8 4 1
ERASE_CELL 9 3
ERASE_CELL 7 5
ERASE_CELL 7 4
PAINT_SQUARE 6 79 0
PAINT_SQUARE 6 78 0
PAINT_SQUARE 6 77 0
PAINT_SQUARE 7 51 1
ERASE_CELL 7 52
PAINT_SQUARE 6 33 0
PAINT_SQUARE 6 19 0
PAINT_SQUARE 7 1 1
ERASE_CELL 8 1
ERASE_CELL 8 0
ERASE_CELL 7 0
PAINT_SQUARE 5 78 0
PAINT_SQUARE 5 77 0
PAINT_SQUARE 5 54 0
PAINT_SQUARE 5 19 0
PAINT_SQUARE 7 16 2
ERASE_CELL 9 18
ERASE_CELL 9 17
ERASE_CELL 8 18
ERASE_CELL 7 15
ERASE_CELL 7 14
ERASE_CELL 6 15
ERASE_CELL 6 14
PAINT_SQUARE 5 14 0
PAINT_SQUARE 5 13 0
PAINT_SQUARE 5 12 0
PAINT_SQUARE 5 11 0
PAINT_SQUARE 5 10 0
PAINT_SQUARE 5 75 1
ERASE_CELL 5 74
PAINT_SQUARE 6 71 2
ERASE_CELL 8 73
ERASE_CELL 8 72
ERASE_CELL 6 73
ERASE_CELL 6 72
ERASE_CELL 6 71
ERASE_CELL 5 73
ERASE_CELL 4 70
ERASE_CELL 4 69
PAINT_SQUARE 6 66 2
ERASE_CELL 8 67
ERASE_CELL 7 67
ERASE_CELL 6 67
ERASE_CELL 5 68
ERASE_CELL 5 67
ERASE_CELL 4 68
ERASE_CELL 4 67
PAINT_SQUARE 6 59 2
ERASE_CELL 8 58
ERASE_CELL 8 57
ERASE_CELL 7 58
ERASE_CELL 7 57
ERASE_CELL 6 58
ERASE_CELL 6 57
PAINT_SQUARE 4 56 0
PAINT_SQUARE 4 55 0
PAINT_SQUARE 4 54 0
PAINT_SQUARE 5 52 1
ERASE_CELL 6 53
ERASE_CELL 4 51
PAINT_SQUARE 6 45 2
ERASE_CELL 8 43
ERASE_CELL 7 44
ERASE_CELL 7 43
ERASE_CELL 6 44
ERASE_CELL 6 43
ERASE_CELL 5 47
ERASE_CELL 4 47
ERASE_CELL 4 46
ERASE_CELL 4 45
PAINT_SQUARE 4 42 0
PAINT_SQUARE 4 41 0
PAINT_SQUARE 4 40 0
PAINT_SQUARE 6 37 2
ERASE_CELL 8 39
ERASE_CELL 8 35
ERASE_CELL 7 39
ERASE_CELL 7 38
ERASE_CELL 6 39
ERASE_CELL 5 35
ERASE_CELL 4 37
ERASE_CELL 4 36
ERASE_CELL 4 35
PAINT_SQUARE 6 30 2
ERASE_CELL 8 29
ERASE_CELL 8 28
ERASE_CELL 7 30
ERASE_CELL 7 29
ERASE_CELL 7 28
ERASE_CELL 6 29
ERASE_CELL 6 28
ERASE_CELL 5 28
ERASE_CELL 4 32
ERASE_CELL 4 31
PAINT_SQUARE 4 27 0
PAINT_SQUARE 4 26 0
PAINT_SQUARE 6 23 2
ERASE_CELL 8 25
ERASE_CELL 7 25
ERASE_CELL 7 24
ERASE_CELL 6 25
ERASE_CELL 6 24
ERASE_CELL 5 21
ERASE_CELL 4 23
ERASE_CELL 4 22
ERASE_CELL 4 21
PAINT_SQUARE 4 3 0
PAINT_SQUARE 4 1 1
ERASE_CELL 3 0
PAINT_SQUARE 2 15 0
PAINT_SQUARE 2 14 0
PAINT_SQUARE 2 5 0
PAINT_SQUARE 2 65 1
PAINT_SQUARE 1 15 0
PAINT_SQUARE 1 14 0
PAINT_SQUARE 1 13 0
PAINT_SQUARE 1 12 0
PAINT_SQUARE 1 11 0
PAINT_SQUARE 1 7 0
PAINT_SQUARE 1 6 0
PAINT_SQUARE 1 5 0
PAINT_SQUARE 2 3 1
ERASE_CELL 3 4
ERASE_CELL 1 3
ERASE_CELL 1 2
PAINT_SQUARE 0 12 0
PAINT_SQUARE 0 11 0
PAINT_SQUARE 1 9 1
ERASE_CELL 2 10
ERASE_CELL 2 9
ERASE_CELL 2 8
